[2023-04-13T23:33:19.739] [WARN] default - Ruta: "/jj" - Método: GET - No Implementados
[2023-04-13T23:33:19.774] [WARN] default - Ruta: "/favicon.ico" - Método: GET - No Implementados
[2023-04-17T23:32:09.360] [WARN] default - Ruta: "/d" - Método: GET - No Implementados
[2023-04-17T23:32:09.866] [WARN] default - Ruta: "/favicon.ico" - Método: GET - No Implementados
[2023-04-18T02:45:38.221] [WARN] default - Ruta: "/favicon.ico" - Método: GET - No Implementados
[2023-04-19T01:57:53.073] [WARN] default - Ruta: "/favicon.ico" - Método: GET - No Implementados
[2023-04-25T15:37:46.151] [WARN] default - Ruta: "/undefined" - Método: GET - No Implementados
[2023-04-25T15:42:28.096] [WARN] default - Ruta: "/undefined" - Método: GET - No Implementados
[2023-04-25T15:43:09.013] [WARN] default - Ruta: "/undefined" - Método: GET - No Implementados
[2023-04-25T15:44:42.752] [WARN] default - Ruta: "/undefined" - Método: GET - No Implementados
[2023-04-25T15:48:59.279] [WARN] default - Ruta: "/undefined" - Método: GET - No Implementados
[2023-04-25T15:49:35.037] [WARN] default - Ruta: "/undefined" - Método: GET - No Implementados
[2023-04-25T16:13:47.248] [WARN] default - Ruta: "/api/db" - Método: GET - No Implementados
[2023-04-25T16:13:47.281] [WARN] default - Ruta: "/favicon.ico" - Método: GET - No Implementados
[2023-04-25T16:14:14.614] [WARN] default - Ruta: "/api/db?option=hola" - Método: GET - No Implementados
[2023-04-25T19:52:03.145] [WARN] default - Ruta: "/admin" - Método: GET - No Implementados
[2023-04-25T19:52:10.372] [WARN] default - Ruta: "/admin" - Método: GET - No Implementados
[2023-04-25T21:19:44.037] [WARN] default - Ruta: "/favicon.ico" - Método: GET - No Implementados
[2023-05-11T18:43:02.682] [WARN] default - Ruta: "/favicon.ico" - Método: GET - No Implementados
[2023-05-11T18:56:27.273] [WARN] default - Ruta: "/favicon.ico" - Método: GET - No Implementados
[2023-05-11T19:18:25.326] [WARN] default - Ruta: "/api/pug_style.css" - Método: GET - No Implementados
[2023-05-11T19:47:16.674] [WARN] default - Ruta: "/api/styles/pug.css" - Método: GET - No Implementados
[2023-05-11T19:48:45.680] [WARN] default - Ruta: "/api/styles/pug.css" - Método: GET - No Implementados
[2023-05-11T19:49:16.650] [WARN] default - Ruta: "/api/styles/pu.css" - Método: GET - No Implementados
[2023-05-11T19:49:18.038] [WARN] default - Ruta: "/api/styles/pu.css" - Método: GET - No Implementados
[2023-05-11T19:49:24.523] [WARN] default - Ruta: "/api/styles/pu.css" - Método: GET - No Implementados
[2023-05-11T19:50:03.445] [WARN] default - Ruta: "/styles/pug.css" - Método: GET - No Implementados
[2023-05-11T19:50:04.195] [WARN] default - Ruta: "/styles/pug.css" - Método: GET - No Implementados
[2023-05-11T19:55:15.352] [WARN] default - Ruta: "/api/styles/pug.css" - Método: GET - No Implementados
[2023-05-11T19:55:19.857] [WARN] default - Ruta: "/" - Método: GET - No Implementados
[2023-05-11T19:55:35.406] [WARN] default - Ruta: "/" - Método: GET - No Implementados
[2023-05-11T19:55:55.958] [WARN] default - Ruta: "/api/styles/pug.css" - Método: GET - No Implementados
[2023-05-11T19:56:08.937] [WARN] default - Ruta: "/api/styles/pug.css" - Método: GET - No Implementados
[2023-05-11T19:56:40.111] [WARN] default - Ruta: "/api/styles/pug.css" - Método: GET - No Implementados
[2023-05-11T19:57:16.698] [WARN] default - Ruta: "/styles/pug.css" - Método: GET - No Implementados
[2023-05-11T19:58:32.685] [WARN] default - Ruta: "/api/styles/pug.css" - Método: GET - No Implementados
[2023-05-11T19:58:33.913] [WARN] default - Ruta: "/avatars" - Método: GET - No Implementados
[2023-05-11T19:58:38.368] [WARN] default - Ruta: "/avatars/" - Método: GET - No Implementados
[2023-05-11T19:58:56.817] [WARN] default - Ruta: "/avatars/default_avatar.png" - Método: GET - No Implementados
[2023-05-11T19:59:38.862] [WARN] default - Ruta: "/api/pug.css" - Método: GET - No Implementados
[2023-05-11T19:59:42.806] [WARN] default - Ruta: "/api/pug.css" - Método: GET - No Implementados
[2023-05-11T20:00:18.458] [WARN] default - Ruta: "/api/pug.css" - Método: GET - No Implementados
[2023-05-11T20:00:19.205] [WARN] default - Ruta: "/api/pug.css" - Método: GET - No Implementados
[2023-05-11T20:01:14.042] [WARN] default - Ruta: "/api/styles/pug.css" - Método: GET - No Implementados
[2023-05-11T20:03:07.599] [WARN] default - Ruta: "/api/pug.css" - Método: GET - No Implementados
[2023-05-11T20:05:52.420] [WARN] default - Ruta: "/api/undefined/public/styles/pug.css" - Método: GET - No Implementados
[2023-05-11T20:05:54.244] [WARN] default - Ruta: "/api/undefined/public/styles/pug.css" - Método: GET - No Implementados
[2023-05-11T20:06:17.263] [WARN] default - Ruta: "/api/pug.css" - Método: GET - No Implementados
[2023-05-11T20:15:00.819] [WARN] default - Ruta: "/api/infol" - Método: GET - No Implementados
[2023-05-12T19:20:15.688] [WARN] default - Ruta: "/favicon.ico" - Método: GET - No Implementados
[2023-05-12T20:45:28.423] [WARN] default - Ruta: "/api/infos" - Método: GET - No Implementados
[2023-05-12T20:45:38.732] [WARN] default - Ruta: "/api/infod" - Método: GET - No Implementados
[2023-05-12T20:47:04.391] [WARN] default - Ruta: "/api/infod" - Método: GET - No Implementados
[2023-05-12T20:48:36.861] [WARN] default - Ruta: "/api/infod" - Método: GET - No Implementados
[2023-05-12T20:49:13.973] [WARN] default - Ruta: "/api/infod" - Método: GET - No Implementados
[2023-05-12T20:49:30.923] [WARN] default - Ruta: "/api/infod" - Método: GET - No Implementados
[2023-05-12T20:49:57.438] [WARN] default - Ruta: "/api/infod" - Método: GET - No Implementados
[2023-05-12T20:50:28.773] [WARN] default - Ruta: "/api/infod" - Método: GET - No Implementados
[2023-05-12T20:50:30.908] [WARN] default - Ruta: "/api/infod" - Método: GET - No Implementados
[2023-05-12T20:50:31.437] [WARN] default - Ruta: "/api/infod" - Método: GET - No Implementados
[2023-05-12T20:50:32.708] [WARN] default - Ruta: "/api/infod" - Método: GET - No Implementados
[2023-05-12T20:52:14.035] [WARN] default - Ruta: "/api/infos" - Método: GET - No Implementados
[2023-05-12T20:54:06.404] [WARN] default - Ruta: "/api/infos" - Método: GET - No Implementados
[2023-05-12T20:54:38.588] [WARN] default - Ruta: "/api/infos" - Método: GET - No Implementados
[2023-05-12T20:54:54.813] [WARN] default - Ruta: "/api/infod" - Método: GET - No Implementados
[2023-05-12T20:55:38.132] [WARN] default - Ruta: "/itedmlkl" - Método: GET - No Implementados
[2023-05-12T20:55:53.042] [WARN] default - Ruta: "/itedmlkl/fsd" - Método: GET - No Implementados
[2023-05-12T20:56:25.910] [WARN] default - Ruta: "/sdfd" - Método: GET - No Implementados
[2023-05-12T20:58:01.040] [WARN] default - Ruta: "/ddd" - Método: GET - No Implementados
[2023-05-12T20:58:16.035] [WARN] default - Ruta: "/info" - Método: GET - No Implementados
[2023-05-15T21:19:35.094] [WARN] default - Ruta: "/favicon.ico" - Método: GET - No Implementados
[2023-05-15T21:19:43.632] [WARN] default - Ruta: "/d" - Método: GET - No Implementados
[2023-05-15T22:43:05.528] [WARN] default - Ruta: "/socket.io/?EIO=4&transport=polling&t=OWYEQuo" - Método: GET - No Implementados
[2023-05-15T22:43:06.979] [WARN] default - Ruta: "/socket.io/?EIO=4&transport=polling&t=OWYERFV" - Método: GET - No Implementados
[2023-05-15T22:43:08.971] [WARN] default - Ruta: "/socket.io/?EIO=4&transport=polling&t=OWYERkf" - Método: GET - No Implementados
[2023-05-15T22:43:12.971] [WARN] default - Ruta: "/socket.io/?EIO=4&transport=polling&t=OWYESj6" - Método: GET - No Implementados
[2023-05-15T22:43:18.991] [WARN] default - Ruta: "/socket.io/?EIO=4&transport=polling&t=OWYEUB6" - Método: GET - No Implementados
[2023-05-15T22:43:24.992] [WARN] default - Ruta: "/socket.io/?EIO=4&transport=polling&t=OWYEVeu" - Método: GET - No Implementados
[2023-05-15T22:43:30.991] [WARN] default - Ruta: "/socket.io/?EIO=4&transport=polling&t=OWYEX6b" - Método: GET - No Implementados
[2023-05-15T22:43:36.982] [WARN] default - Ruta: "/socket.io/?EIO=4&transport=polling&t=OWYEYaD" - Método: GET - No Implementados
[2023-05-15T22:43:42.983] [WARN] default - Ruta: "/socket.io/?EIO=4&transport=polling&t=OWYEa20" - Método: GET - No Implementados
[2023-05-15T22:43:48.977] [WARN] default - Ruta: "/socket.io/?EIO=4&transport=polling&t=OWYEbVi" - Método: GET - No Implementados
[2023-05-15T22:43:54.982] [WARN] default - Ruta: "/socket.io/?EIO=4&transport=polling&t=OWYEczV" - Método: GET - No Implementados
[2023-05-15T22:44:00.984] [WARN] default - Ruta: "/socket.io/?EIO=4&transport=polling&t=OWYEeRH" - Método: GET - No Implementados
[2023-05-16T00:06:09.302] [WARN] default - Ruta: "/" - Método: GET - No Implementados
[2023-05-16T00:06:13.177] [WARN] default - Ruta: "/" - Método: GET - No Implementados
[2023-05-16T00:11:20.581] [WARN] default - Ruta: "/socket.io/?EIO=4&transport=polling&t=OWYYddw" - Método: GET - No Implementados
[2023-05-16T00:11:21.820] [WARN] default - Ruta: "/socket.io/?EIO=4&transport=polling&t=OWYYdxL" - Método: GET - No Implementados
[2023-05-16T00:11:23.191] [WARN] default - Ruta: "/socket.io/?EIO=4&transport=polling&t=OWYYeGj" - Método: GET - No Implementados
[2023-05-16T00:11:25.427] [WARN] default - Ruta: "/socket.io/?EIO=4&transport=polling&t=OWYYepd" - Método: GET - No Implementados
[2023-05-16T00:11:30.984] [WARN] default - Ruta: "/socket.io/?EIO=4&transport=polling&t=OWYYgAO" - Método: GET - No Implementados
[2023-05-17T13:59:27.176] [WARN] default - Ruta: "/favicon.ico" - Método: GET - No Implementados
[2023-05-17T14:00:36.132] [WARN] default - Ruta: "/static/js/main.33872894.js" - Método: GET - No Implementados
[2023-05-17T14:00:36.141] [WARN] default - Ruta: "/static/css/main.0a011cc7.css" - Método: GET - No Implementados
[2023-05-17T14:00:42.381] [WARN] default - Ruta: "/static/css/main.0a011cc7.css" - Método: GET - No Implementados
[2023-05-18T19:15:22.530] [WARN] default - Ruta: "/dsad" - Método: GET - No Implementados
[2023-05-18T19:15:22.572] [WARN] default - Ruta: "/favicon.ico" - Método: GET - No Implementados
[2023-05-18T19:32:01.625] [WARN] default - Ruta: "/" - Método: GET - No Implementados
[2023-05-18T19:32:06.091] [WARN] default - Ruta: "/ddd" - Método: GET - No Implementados
[2023-05-18T19:32:11.139] [WARN] default - Ruta: "/api" - Método: GET - No Implementados
[2023-05-18T19:36:50.423] [WARN] default - Ruta: "/api/infod" - Método: GET - No Implementados
[2023-05-18T20:05:49.293] [WARN] default - Ruta: "/api/infod" - Método: GET - No Implementados
[2023-05-18T20:09:03.983] [WARN] default - Ruta: "/api/ff" - Método: GET - No Implementados
[2023-05-18T20:13:44.306] [WARN] default - Ruta: "/api/config3" - Método: GET - No Implementados
[2023-05-18T20:33:59.814] [WARN] default - Ruta: "/api/infox" - Método: GET - No Implementados
[2023-05-18T20:44:43.823] [WARN] default - Ruta: "/favicon.ico" - Método: GET - No Implementados
[2023-05-18T20:58:46.041] [WARN] default - Ruta: "/api/configd" - Método: GET - No Implementados
[2023-05-18T21:00:31.523] [WARN] default - Ruta: "/chat" - Método: GET - No Implementados
[2023-05-24T21:23:13.992] [WARN] default - Ruta: "/favicon.ico" - Método: GET - No Implementados
[2023-05-24T21:23:32.298] [WARN] default - Ruta: "/api/configa" - Método: GET - No Implementados
[2023-05-24T21:31:52.151] [WARN] default - Ruta: "/api/df" - Método: GET - No Implementados
[2023-05-24T21:32:05.425] [WARN] default - Ruta: "/api/df" - Método: GET - No Implementados
[2023-05-24T21:33:29.959] [WARN] default - Ruta: "/api/df" - Método: POST - No Implementados
[2023-05-24T21:33:55.436] [WARN] default - Ruta: "/api/df" - Método: GET - No Implementados
[2023-05-24T21:34:02.879] [WARN] default - Ruta: "/api/dfjjjj" - Método: POST - No Implementados
[2023-05-25T20:00:56.850] [WARN] default - Ruta: "/api/ssss" - Método: GET - No Implementados
[2023-05-25T20:00:56.888] [WARN] default - Ruta: "/favicon.ico" - Método: GET - No Implementados
[2023-05-25T20:03:02.684] [WARN] default - Ruta: "/api/Iinfo" - Método: GET - No Implementados
[2023-05-25T20:08:29.799] [WARN] default - Ruta: "/api/000" - Método: GET - No Implementados
[2023-05-25T20:09:18.514] [WARN] default - Ruta: "/api/" - Método: GET - No Implementados
[2023-05-25T20:09:30.597] [WARN] default - Ruta: "/api/" - Método: GET - No Implementados
[2023-05-25T20:11:17.403] [WARN] default - Ruta: "/api/db/getProduct" - Método: GET - No Implementados
[2023-05-25T20:11:17.411] [WARN] default - Ruta: "/api/ejs.css" - Método: GET - No Implementados
[2023-05-25T20:11:35.594] [WARN] default - Ruta: "/api/db/getProducts" - Método: GET - No Implementados
[2023-05-25T20:11:35.601] [WARN] default - Ruta: "/api/ejs.css" - Método: GET - No Implementados
[2023-05-25T20:11:40.530] [WARN] default - Ruta: "/api/db/" - Método: GET - No Implementados
[2023-05-25T20:11:40.539] [WARN] default - Ruta: "/api/ejs.css" - Método: GET - No Implementados
[2023-05-25T20:11:42.947] [WARN] default - Ruta: "/api/db" - Método: GET - No Implementados
[2023-05-25T20:11:58.753] [WARN] default - Ruta: "/api/db/" - Método: GET - No Implementados
[2023-05-25T20:11:58.761] [WARN] default - Ruta: "/api/ejs.css" - Método: GET - No Implementados
[2023-05-25T20:12:07.757] [WARN] default - Ruta: "/api/" - Método: GET - No Implementados
[2023-05-25T20:13:57.542] [WARN] default - Ruta: "/api/rutanoimplementada" - Método: GET - No Implementados
[2023-05-25T20:45:04.827] [WARN] default - Ruta: "/favicon.ico" - Método: GET - No Implementados
[2023-05-25T20:46:42.590] [WARN] default - Ruta: "/favicon.ico" - Método: GET - No Implementados
[2023-05-27T18:14:23.968] [WARN] default - Ruta: "/favicon.ico" - Método: GET - No Implementados
[2023-05-27T19:16:43.139] [WARN] default - Ruta: "/dd" - Método: GET - No Implementados
[2023-05-27T19:16:54.886] [WARN] default - Ruta: "/dd" - Método: GET - No Implementados
[2023-06-19T12:13:20.953] [WARN] default - Ruta: "/favicon.ico" - Método: GET - No Implementados
[2023-06-23T23:40:00.228] [WARN] default - Server corriendo en puerto 8080 Modo: FORK. Proceso 404. Entorno undefined
[2023-06-23T23:42:24.581] [WARN] default - Server corriendo en puerto 8080 Modo: FORK. Proceso 1948.
